<?xml version="1.0" encoding="UTF-8"?>
<!-- Generated by org.testng.reporters.JUnitReportReporter -->
<testsuite hostname="LIN24009967" failures="0" tests="1" name="testCases.TC001_AccountRegistrationTest" time="2.747" errors="0" timestamp="2024-07-12T13:36:12 IST" skipped="0">
  <testcase classname="testCases.TC001_AccountRegistrationTest" name="verify_account_registration" time="2.747"/>
</testsuite> <!-- testCases.TC001_AccountRegistrationTest -->
